###############################################
Workload: cluster-density
Workload template: workloads/cluster-density/cluster-density.yml
Metrics profile: metrics-profiles/metrics-aggregated.yaml
Alerts profile: 
QPS: 20
Burst: 20
UUID: e8a9892c-ebf2-46a8-bb48-8723faea68e7
Job iterations: 200
###############################################
[1mTue Mar 14 10:18:40 UTC 2023 Indexing enabled, using metrics from metrics-profiles/metrics-aggregated.yaml[0m
~/ws/workspace/multibranch-pipeline_kube-burner/workloads/kube-burner/workloads/cluster-density ~/ws/workspace/multibranch-pipeline_kube-burner/workloads/kube-burner
time= 2023-03-14 10:18:40  level=info msg= 🔥 Starting kube-burner (0.17.3@c38fe7eb37c62686b68e2b64bdc8311a4d73d8f1) with UUID e8a9892c-ebf2-46a8-bb48-8723faea68e7 
time= 2023-03-14 10:18:40  level=info msg= 👽 Initializing prometheus client 
time= 2023-03-14 10:18:40  level=info msg= 📁 Creating indexer: elastic 
time= 2023-03-14 10:18:40  level=info msg= 📈 Creating measurement factory 
time= 2023-03-14 10:18:40  level=info msg= Registered measurement: podLatency 
time= 2023-03-14 10:18:40  level=info msg= Preparing create job: cluster-density 
time= 2023-03-14 10:18:40  level=info msg= Job cluster-density: 200 iterations with 1 ImageStream replicas 
time= 2023-03-14 10:18:40  level=info msg= Job cluster-density: 200 iterations with 1 Build replicas 
time= 2023-03-14 10:18:40  level=info msg= Job cluster-density: 200 iterations with 5 Deployment replicas 
time= 2023-03-14 10:18:40  level=info msg= Job cluster-density: 200 iterations with 5 Service replicas 
time= 2023-03-14 10:18:40  level=info msg= Job cluster-density: 200 iterations with 1 Route replicas 
time= 2023-03-14 10:18:40  level=info msg= Job cluster-density: 200 iterations with 10 Secret replicas 
time= 2023-03-14 10:18:40  level=info msg= Job cluster-density: 200 iterations with 10 ConfigMap replicas 